............................                                             [100%]

--------- coverage: platform darwin, python 3.11.15-final-0 ----------
Name                           Stmts   Miss  Cover   Missing
------------------------------------------------------------
src/fi_forecast/__init__.py        3      0   100%
src/fi_forecast/config.py         23      2    91%   29, 35
src/fi_forecast/constants.py       9      0   100%
src/fi_forecast/data.py           45      3    93%   45, 60-61
src/fi_forecast/forecast.py       60      3    95%   23, 27, 29
src/fi_forecast/metrics.py        43      8    81%   26, 35, 49, 51, 60, 63, 70, 72
src/fi_forecast/quality.py        67      3    96%   91, 102, 124
------------------------------------------------------------
TOTAL                            250     19    92%

Required test coverage of 85% reached. Total coverage: 92.40%
28 passed in 0.08s
